# JRE version: Java(TM) SE Runtime Environment (8.0_40-b26) (build 1.8.0_40-b26)
# Java VM: Java HotSpot(TM) 64-Bit Server VM (25.40-b25 mixed mode windows-amd64 compressed oops)
Heap:
 PSYoungGen      total 291328K, used 136277K [0x00000000e0000000, 0x00000000f6c00000, 0x0000000100000000)
  eden space 245248K, 47% used [0x00000000e0000000,0x00000000e70a76e8,0x00000000eef80000)
  from space 46080K, 45% used [0x00000000eef80000,0x00000000f03edd38,0x00000000f1c80000)
  to   space 45056K, 0% used [0x00000000f4000000,0x00000000f4000000,0x00000000f6c00000)
 ParOldGen       total 206336K, used 104772K [0x00000000a0000000, 0x00000000ac980000, 0x00000000e0000000)
  object space 206336K, 50% used [0x00000000a0000000,0x00000000a6651368,0x00000000ac980000)
 Metaspace       used 102912K, capacity 107630K, committed 107776K, reserved 1142784K
  class space    used 13557K, capacity 14498K, committed 14592K, reserved 1048576K
GC Heap History (10 events):
Event: 8646.327 GC heap before
{Heap before GC invocations=33 (full 4):
 PSYoungGen      total 215040K, used 171494K [0x00000000e0000000, 0x00000000f0700000, 0x0000000100000000)
  eden space 164864K, 100% used [0x00000000e0000000,0x00000000ea100000,0x00000000ea100000)
  from space 50176K, 13% used [0x00000000ed600000,0x00000000edc79838,0x00000000f0700000)
  to   space 52224K, 0% used [0x00000000ea100000,0x00000000ea100000,0x00000000ed400000)
 ParOldGen       total 206336K, used 79888K [0x00000000a0000000, 0x00000000ac980000, 0x00000000e0000000)
  object space 206336K, 38% used [0x00000000a0000000,0x00000000a4e043a0,0x00000000ac980000)
 Metaspace       used 101079K, capacity 105318K, committed 105600K, reserved 1140736K
  class space    used 13451K, capacity 14314K, committed 14464K, reserved 1048576K
Event: 8646.398 GC heap after
Heap after GC invocations=33 (full 4):
 PSYoungGen      total 217088K, used 18600K [0x00000000e0000000, 0x00000000f2900000, 0x0000000100000000)
  eden space 164864K, 0% used [0x00000000e0000000,0x00000000e0000000,0x00000000ea100000)
  from space 52224K, 35% used [0x00000000ea100000,0x00000000eb32a1d8,0x00000000ed400000)
  to   space 49152K, 0% used [0x00000000ef900000,0x00000000ef900000,0x00000000f2900000)
 ParOldGen       total 206336K, used 81219K [0x00000000a0000000, 0x00000000ac980000, 0x00000000e0000000)
  object space 206336K, 39% used [0x00000000a0000000,0x00000000a4f50d18,0x00000000ac980000)
 Metaspace       used 101079K, capacity 105318K, committed 105600K, reserved 1140736K
  class space    used 13451K, capacity 14314K, committed 14464K, reserved 1048576K
}
Event: 8656.674 GC heap before
{Heap before GC invocations=34 (full 4):
 PSYoungGen      total 217088K, used 183464K [0x00000000e0000000, 0x00000000f2900000, 0x0000000100000000)
  eden space 164864K, 100% used [0x00000000e0000000,0x00000000ea100000,0x00000000ea100000)
  from space 52224K, 35% used [0x00000000ea100000,0x00000000eb32a1d8,0x00000000ed400000)
  to   space 49152K, 0% used [0x00000000ef900000,0x00000000ef900000,0x00000000f2900000)
 ParOldGen       total 206336K, used 81219K [0x00000000a0000000, 0x00000000ac980000, 0x00000000e0000000)
  object space 206336K, 39% used [0x00000000a0000000,0x00000000a4f50d18,0x00000000ac980000)
 Metaspace       used 101544K, capacity 105850K, committed 106112K, reserved 1140736K
  class space    used 13470K, capacity 14344K, committed 14464K, reserved 1048576K
Event: 8656.720 GC heap after
Heap after GC invocations=34 (full 4):
 PSYoungGen      total 250880K, used 3072K [0x00000000e0000000, 0x00000000f2700000, 0x0000000100000000)
  eden space 203776K, 0% used [0x00000000e0000000,0x00000000e0000000,0x00000000ec700000)
  from space 47104K, 6% used [0x00000000ef900000,0x00000000efc000f8,0x00000000f2700000)
  to   space 49152K, 0% used [0x00000000ec700000,0x00000000ec700000,0x00000000ef700000)
 ParOldGen       total 206336K, used 96722K [0x00000000a0000000, 0x00000000ac980000, 0x00000000e0000000)
  object space 206336K, 46% used [0x00000000a0000000,0x00000000a5e748e8,0x00000000ac980000)
 Metaspace       used 101544K, capacity 105850K, committed 106112K, reserved 1140736K
  class space    used 13470K, capacity 14344K, committed 14464K, reserved 1048576K
}
Event: 9230.711 GC heap before
{Heap before GC invocations=35 (full 4):
 PSYoungGen      total 250880K, used 206848K [0x00000000e0000000, 0x00000000f2700000, 0x0000000100000000)
  eden space 203776K, 100% used [0x00000000e0000000,0x00000000ec700000,0x00000000ec700000)
  from space 47104K, 6% used [0x00000000ef900000,0x00000000efc000f8,0x00000000f2700000)
  to   space 49152K, 0% used [0x00000000ec700000,0x00000000ec700000,0x00000000ef700000)
 ParOldGen       total 206336K, used 96722K [0x00000000a0000000, 0x00000000ac980000, 0x00000000e0000000)
  object space 206336K, 46% used [0x00000000a0000000,0x00000000a5e748e8,0x00000000ac980000)
 Metaspace       used 102107K, capacity 106746K, committed 107008K, reserved 1142784K
  class space    used 13534K, capacity 14460K, committed 14592K, reserved 1048576K
Event: 9230.744 GC heap after
Heap after GC invocations=35 (full 4):
 PSYoungGen      total 252928K, used 6416K [0x00000000e0000000, 0x00000000f5080000, 0x0000000100000000)
  eden space 203776K, 0% used [0x00000000e0000000,0x00000000e0000000,0x00000000ec700000)
  from space 49152K, 13% used [0x00000000ec700000,0x00000000ecd44010,0x00000000ef700000)
  to   space 48128K, 0% used [0x00000000f2180000,0x00000000f2180000,0x00000000f5080000)
 ParOldGen       total 206336K, used 98130K [0x00000000a0000000, 0x00000000ac980000, 0x00000000e0000000)
  object space 206336K, 47% used [0x00000000a0000000,0x00000000a5fd4a20,0x00000000ac980000)
 Metaspace       used 102107K, capacity 106746K, committed 107008K, reserved 1142784K
  class space    used 13534K, capacity 14460K, committed 14592K, reserved 1048576K
}
Event: 9238.757 GC heap before
{Heap before GC invocations=36 (full 4):
 PSYoungGen      total 252928K, used 210192K [0x00000000e0000000, 0x00000000f5080000, 0x0000000100000000)
  eden space 203776K, 100% used [0x00000000e0000000,0x00000000ec700000,0x00000000ec700000)
  from space 49152K, 13% used [0x00000000ec700000,0x00000000ecd44010,0x00000000ef700000)
  to   space 48128K, 0% used [0x00000000f2180000,0x00000000f2180000,0x00000000f5080000)
 ParOldGen       total 206336K, used 98130K [0x00000000a0000000, 0x00000000ac980000, 0x00000000e0000000)
  object space 206336K, 47% used [0x00000000a0000000,0x00000000a5fd4a20,0x00000000ac980000)
 Metaspace       used 102190K, capacity 106898K, committed 107264K, reserved 1142784K
  class space    used 13536K, capacity 14464K, committed 14592K, reserved 1048576K
Event: 9238.799 GC heap after
Heap after GC invocations=36 (full 4):
 PSYoungGen      total 286208K, used 9472K [0x00000000e0000000, 0x00000000f4980000, 0x0000000100000000)
  eden space 245248K, 0% used [0x00000000e0000000,0x00000000e0000000,0x00000000eef80000)
  from space 40960K, 23% used [0x00000000f2180000,0x00000000f2ac0258,0x00000000f4980000)
  to   space 46080K, 0% used [0x00000000eef80000,0x00000000eef80000,0x00000000f1c80000)
 ParOldGen       total 206336K, used 103586K [0x00000000a0000000, 0x00000000ac980000, 0x00000000e0000000)
  object space 206336K, 50% used [0x00000000a0000000,0x00000000a6528bd0,0x00000000ac980000)
 Metaspace       used 102190K, capacity 106898K, committed 107264K, reserved 1142784K
  class space    used 13536K, capacity 14464K, committed 14592K, reserved 1048576K
}
Event: 9469.840 GC heap before
{Heap before GC invocations=37 (full 4):
 PSYoungGen      total 286208K, used 254720K [0x00000000e0000000, 0x00000000f4980000, 0x0000000100000000)
  eden space 245248K, 100% used [0x00000000e0000000,0x00000000eef80000,0x00000000eef80000)
  from space 40960K, 23% used [0x00000000f2180000,0x00000000f2ac0258,0x00000000f4980000)
  to   space 46080K, 0% used [0x00000000eef80000,0x00000000eef80000,0x00000000f1c80000)
 ParOldGen       total 206336K, used 103586K [0x00000000a0000000, 0x00000000ac980000, 0x00000000e0000000)
  object space 206336K, 50% used [0x00000000a0000000,0x00000000a6528bd0,0x00000000ac980000)
 Metaspace       used 102837K, capacity 107566K, committed 107776K, reserved 1142784K
  class space    used 13557K, capacity 14498K, committed 14592K, reserved 1048576K
Event: 9469.966 GC heap after
Heap after GC invocations=37 (full 4):
 PSYoungGen      total 291328K, used 20919K [0x00000000e0000000, 0x00000000f6c00000, 0x0000000100000000)
  eden space 245248K, 0% used [0x00000000e0000000,0x00000000e0000000,0x00000000eef80000)
  from space 46080K, 45% used [0x00000000eef80000,0x00000000f03edd38,0x00000000f1c80000)
  to   space 45056K, 0% used [0x00000000f4000000,0x00000000f4000000,0x00000000f6c00000)
 ParOldGen       total 206336K, used 104772K [0x00000000a0000000, 0x00000000ac980000, 0x00000000e0000000)
  object space 206336K, 50% used [0x00000000a0000000,0x00000000a6651368,0x00000000ac980000)
 Metaspace       used 102837K, capacity 107566K, committed 107776K, reserved 1142784K
  class space    used 13557K, capacity 14498K, committed 14592K, reserved 1048576K
}

