# JRE version: Java(TM) SE Runtime Environment (8.0_40-b26) (build 1.8.0_40-b26)
# Java VM: Java HotSpot(TM) 64-Bit Server VM (25.40-b25 mixed mode windows-amd64 compressed oops)
Heap:
 PSYoungGen      total 189952K, used 17374K [0x00000000e0000000, 0x00000000ee700000, 0x0000000100000000)
  eden space 169472K, 0% used [0x00000000e0000000,0x00000000e0000000,0x00000000ea580000)
  from space 20480K, 84% used [0x00000000ebb00000,0x00000000ecbf7a78,0x00000000ecf00000)
  to   space 22016K, 0% used [0x00000000ea580000,0x00000000ea580000,0x00000000ebb00000)
 ParOldGen       total 103424K, used 22899K [0x00000000a0000000, 0x00000000a6500000, 0x00000000e0000000)
  object space 103424K, 22% used [0x00000000a0000000,0x00000000a165cf80,0x00000000a6500000)
 Metaspace       used 57173K, capacity 59072K, committed 59160K, reserved 1099776K
  class space    used 8086K, capacity 8555K, committed 8576K, reserved 1048576K
GC Heap History (10 events):
Event: 29.431 GC heap after
Heap after GC invocations=8 (full 1):
 PSYoungGen      total 112128K, used 10787K [0x00000000e0000000, 0x00000000eaa00000, 0x0000000100000000)
  eden space 98816K, 0% used [0x00000000e0000000,0x00000000e0000000,0x00000000e6080000)
  from space 13312K, 81% used [0x00000000e6080000,0x00000000e6b08c50,0x00000000e6d80000)
  to   space 14336K, 0% used [0x00000000e9c00000,0x00000000e9c00000,0x00000000eaa00000)
 ParOldGen       total 69632K, used 15030K [0x00000000a0000000, 0x00000000a4400000, 0x00000000e0000000)
  object space 69632K, 21% used [0x00000000a0000000,0x00000000a0eada20,0x00000000a4400000)
 Metaspace       used 34624K, capacity 35486K, committed 35496K, reserved 1079296K
  class space    used 4873K, capacity 5120K, committed 5120K, reserved 1048576K
}
Event: 29.432 GC heap before
{Heap before GC invocations=9 (full 2):
 PSYoungGen      total 112128K, used 10787K [0x00000000e0000000, 0x00000000eaa00000, 0x0000000100000000)
  eden space 98816K, 0% used [0x00000000e0000000,0x00000000e0000000,0x00000000e6080000)
  from space 13312K, 81% used [0x00000000e6080000,0x00000000e6b08c50,0x00000000e6d80000)
  to   space 14336K, 0% used [0x00000000e9c00000,0x00000000e9c00000,0x00000000eaa00000)
 ParOldGen       total 69632K, used 15030K [0x00000000a0000000, 0x00000000a4400000, 0x00000000e0000000)
  object space 69632K, 21% used [0x00000000a0000000,0x00000000a0eada20,0x00000000a4400000)
 Metaspace       used 34624K, capacity 35486K, committed 35496K, reserved 1079296K
  class space    used 4873K, capacity 5120K, committed 5120K, reserved 1048576K
Event: 29.549 GC heap after
Heap after GC invocations=9 (full 2):
 PSYoungGen      total 112128K, used 0K [0x00000000e0000000, 0x00000000eaa00000, 0x0000000100000000)
  eden space 98816K, 0% used [0x00000000e0000000,0x00000000e0000000,0x00000000e6080000)
  from space 13312K, 0% used [0x00000000e6080000,0x00000000e6080000,0x00000000e6d80000)
  to   space 14336K, 0% used [0x00000000e9c00000,0x00000000e9c00000,0x00000000eaa00000)
 ParOldGen       total 103424K, used 17243K [0x00000000a0000000, 0x00000000a6500000, 0x00000000e0000000)
  object space 103424K, 16% used [0x00000000a0000000,0x00000000a10d6e88,0x00000000a6500000)
 Metaspace       used 34612K, capacity 35444K, committed 35496K, reserved 1079296K
  class space    used 4869K, capacity 5113K, committed 5120K, reserved 1048576K
}
Event: 34.770 GC heap before
{Heap before GC invocations=10 (full 2):
 PSYoungGen      total 112128K, used 98816K [0x00000000e0000000, 0x00000000eaa00000, 0x0000000100000000)
  eden space 98816K, 100% used [0x00000000e0000000,0x00000000e6080000,0x00000000e6080000)
  from space 13312K, 0% used [0x00000000e6080000,0x00000000e6080000,0x00000000e6d80000)
  to   space 14336K, 0% used [0x00000000e9c00000,0x00000000e9c00000,0x00000000eaa00000)
 ParOldGen       total 103424K, used 17243K [0x00000000a0000000, 0x00000000a6500000, 0x00000000e0000000)
  object space 103424K, 16% used [0x00000000a0000000,0x00000000a10d6e88,0x00000000a6500000)
 Metaspace       used 44935K, capacity 45984K, committed 46208K, reserved 1089536K
  class space    used 6211K, capacity 6486K, committed 6528K, reserved 1048576K
Event: 34.787 GC heap after
Heap after GC invocations=10 (full 2):
 PSYoungGen      total 152064K, used 14196K [0x00000000e0000000, 0x00000000eaa00000, 0x0000000100000000)
  eden space 137728K, 0% used [0x00000000e0000000,0x00000000e0000000,0x00000000e8680000)
  from space 14336K, 99% used [0x00000000e9c00000,0x00000000ea9dd3e0,0x00000000eaa00000)
  to   space 15872K, 0% used [0x00000000e8b00000,0x00000000e8b00000,0x00000000e9a80000)
 ParOldGen       total 103424K, used 17251K [0x00000000a0000000, 0x00000000a6500000, 0x00000000e0000000)
  object space 103424K, 16% used [0x00000000a0000000,0x00000000a10d8e88,0x00000000a6500000)
 Metaspace       used 44935K, capacity 45984K, committed 46208K, reserved 1089536K
  class space    used 6211K, capacity 6486K, committed 6528K, reserved 1048576K
}
Event: 41.939 GC heap before
{Heap before GC invocations=11 (full 2):
 PSYoungGen      total 152064K, used 151924K [0x00000000e0000000, 0x00000000eaa00000, 0x0000000100000000)
  eden space 137728K, 100% used [0x00000000e0000000,0x00000000e8680000,0x00000000e8680000)
  from space 14336K, 99% used [0x00000000e9c00000,0x00000000ea9dd3e0,0x00000000eaa00000)
  to   space 15872K, 0% used [0x00000000e8b00000,0x00000000e8b00000,0x00000000e9a80000)
 ParOldGen       total 103424K, used 17251K [0x00000000a0000000, 0x00000000a6500000, 0x00000000e0000000)
  object space 103424K, 16% used [0x00000000a0000000,0x00000000a10d8e88,0x00000000a6500000)
 Metaspace       used 56067K, capacity 57814K, committed 57984K, reserved 1099776K
  class space    used 7897K, capacity 8286K, committed 8320K, reserved 1048576K
Event: 41.979 GC heap after
Heap after GC invocations=11 (full 2):
 PSYoungGen      total 158208K, used 15861K [0x00000000e0000000, 0x00000000ecf00000, 0x0000000100000000)
  eden space 142336K, 0% used [0x00000000e0000000,0x00000000e0000000,0x00000000e8b00000)
  from space 15872K, 99% used [0x00000000e8b00000,0x00000000e9a7d4d8,0x00000000e9a80000)
  to   space 20480K, 0% used [0x00000000ebb00000,0x00000000ebb00000,0x00000000ecf00000)
 ParOldGen       total 103424K, used 22891K [0x00000000a0000000, 0x00000000a6500000, 0x00000000e0000000)
  object space 103424K, 22% used [0x00000000a0000000,0x00000000a165af80,0x00000000a6500000)
 Metaspace       used 56067K, capacity 57814K, committed 57984K, reserved 1099776K
  class space    used 7897K, capacity 8286K, committed 8320K, reserved 1048576K
}
Event: 42.818 GC heap before
{Heap before GC invocations=12 (full 2):
 PSYoungGen      total 158208K, used 37321K [0x00000000e0000000, 0x00000000ecf00000, 0x0000000100000000)
  eden space 142336K, 15% used [0x00000000e0000000,0x00000000e14f4f30,0x00000000e8b00000)
  from space 15872K, 99% used [0x00000000e8b00000,0x00000000e9a7d4d8,0x00000000e9a80000)
  to   space 20480K, 0% used [0x00000000ebb00000,0x00000000ebb00000,0x00000000ecf00000)
 ParOldGen       total 103424K, used 22891K [0x00000000a0000000, 0x00000000a6500000, 0x00000000e0000000)
  object space 103424K, 22% used [0x00000000a0000000,0x00000000a165af80,0x00000000a6500000)
 Metaspace       used 57173K, capacity 59072K, committed 59160K, reserved 1099776K
  class space    used 8086K, capacity 8555K, committed 8576K, reserved 1048576K
Event: 42.843 GC heap after
Heap after GC invocations=12 (full 2):
 PSYoungGen      total 189952K, used 17374K [0x00000000e0000000, 0x00000000ee700000, 0x0000000100000000)
  eden space 169472K, 0% used [0x00000000e0000000,0x00000000e0000000,0x00000000ea580000)
  from space 20480K, 84% used [0x00000000ebb00000,0x00000000ecbf7a78,0x00000000ecf00000)
  to   space 22016K, 0% used [0x00000000ea580000,0x00000000ea580000,0x00000000ebb00000)
 ParOldGen       total 103424K, used 22899K [0x00000000a0000000, 0x00000000a6500000, 0x00000000e0000000)
  object space 103424K, 22% used [0x00000000a0000000,0x00000000a165cf80,0x00000000a6500000)
 Metaspace       used 57173K, capacity 59072K, committed 59160K, reserved 1099776K
  class space    used 8086K, capacity 8555K, committed 8576K, reserved 1048576K
}
Event: 42.843 GC heap before
{Heap before GC invocations=13 (full 3):
 PSYoungGen      total 189952K, used 17374K [0x00000000e0000000, 0x00000000ee700000, 0x0000000100000000)
  eden space 169472K, 0% used [0x00000000e0000000,0x00000000e0000000,0x00000000ea580000)
  from space 20480K, 84% used [0x00000000ebb00000,0x00000000ecbf7a78,0x00000000ecf00000)
  to   space 22016K, 0% used [0x00000000ea580000,0x00000000ea580000,0x00000000ebb00000)
 ParOldGen       total 103424K, used 22899K [0x00000000a0000000, 0x00000000a6500000, 0x00000000e0000000)
  object space 103424K, 22% used [0x00000000a0000000,0x00000000a165cf80,0x00000000a6500000)
 Metaspace       used 57173K, capacity 59072K, committed 59160K, reserved 1099776K
  class space    used 8086K, capacity 8555K, committed 8576K, reserved 1048576K

