# JRE version: Java(TM) SE Runtime Environment (8.0_40-b26) (build 1.8.0_40-b26)
# Java VM: Java HotSpot(TM) 64-Bit Server VM (25.40-b25 mixed mode windows-amd64 compressed oops)
Heap:
 PSYoungGen      total 485888K, used 322985K [0x00000000e0000000, 0x00000000ffa80000, 0x0000000100000000)
  eden space 458240K, 68% used [0x00000000e0000000,0x00000000f3381c28,0x00000000fbf80000)
  from space 27648K, 29% used [0x00000000fdf80000,0x00000000fe768890,0x00000000ffa80000)
  to   space 30208K, 0% used [0x00000000fbf80000,0x00000000fbf80000,0x00000000fdd00000)
 ParOldGen       total 209920K, used 104911K [0x00000000a0000000, 0x00000000acd00000, 0x00000000e0000000)
  object space 209920K, 49% used [0x00000000a0000000,0x00000000a6673d88,0x00000000acd00000)
 Metaspace       used 108758K, capacity 114114K, committed 114280K, reserved 1148928K
  class space    used 14099K, capacity 15095K, committed 15248K, reserved 1048576K
GC Heap History (10 events):
Event: 6602.845 GC heap before
{Heap before GC invocations=55 (full 4):
 PSYoungGen      total 412160K, used 412141K [0x00000000e0000000, 0x00000000fc980000, 0x0000000100000000)
  eden space 383488K, 100% used [0x00000000e0000000,0x00000000f7680000,0x00000000f7680000)
  from space 28672K, 99% used [0x00000000f9980000,0x00000000fb57b590,0x00000000fb580000)
  to   space 35840K, 0% used [0x00000000f7680000,0x00000000f7680000,0x00000000f9980000)
 ParOldGen       total 159744K, used 112644K [0x00000000a0000000, 0x00000000a9c00000, 0x00000000e0000000)
  object space 159744K, 70% used [0x00000000a0000000,0x00000000a6e01230,0x00000000a9c00000)
 Metaspace       used 107847K, capacity 113080K, committed 113384K, reserved 1146880K
  class space    used 13985K, capacity 14934K, committed 15120K, reserved 1048576K
Event: 6602.901 GC heap after
Heap after GC invocations=55 (full 4):
 PSYoungGen      total 419328K, used 3712K [0x00000000e0000000, 0x00000000ff680000, 0x0000000100000000)
  eden space 383488K, 0% used [0x00000000e0000000,0x00000000e0000000,0x00000000f7680000)
  from space 35840K, 10% used [0x00000000f7680000,0x00000000f7a20000,0x00000000f9980000)
  to   space 34816K, 0% used [0x00000000fd480000,0x00000000fd480000,0x00000000ff680000)
 ParOldGen       total 159744K, used 139849K [0x00000000a0000000, 0x00000000a9c00000, 0x00000000e0000000)
  object space 159744K, 87% used [0x00000000a0000000,0x00000000a8892720,0x00000000a9c00000)
 Metaspace       used 107847K, capacity 113080K, committed 113384K, reserved 1146880K
  class space    used 13985K, capacity 14934K, committed 15120K, reserved 1048576K
}
Event: 6604.350 GC heap before
{Heap before GC invocations=56 (full 4):
 PSYoungGen      total 419328K, used 387200K [0x00000000e0000000, 0x00000000ff680000, 0x0000000100000000)
  eden space 383488K, 100% used [0x00000000e0000000,0x00000000f7680000,0x00000000f7680000)
  from space 35840K, 10% used [0x00000000f7680000,0x00000000f7a20000,0x00000000f9980000)
  to   space 34816K, 0% used [0x00000000fd480000,0x00000000fd480000,0x00000000ff680000)
 ParOldGen       total 159744K, used 139849K [0x00000000a0000000, 0x00000000a9c00000, 0x00000000e0000000)
  object space 159744K, 87% used [0x00000000a0000000,0x00000000a8892720,0x00000000a9c00000)
 Metaspace       used 107857K, capacity 113080K, committed 113384K, reserved 1146880K
  class space    used 13985K, capacity 14934K, committed 15120K, reserved 1048576K
Event: 6604.385 GC heap after
Heap after GC invocations=56 (full 4):
 PSYoungGen      total 475648K, used 4128K [0x00000000e0000000, 0x00000000ff380000, 0x0000000100000000)
  eden space 443904K, 0% used [0x00000000e0000000,0x00000000e0000000,0x00000000fb180000)
  from space 31744K, 13% used [0x00000000fd480000,0x00000000fd888000,0x00000000ff380000)
  to   space 33792K, 0% used [0x00000000fb180000,0x00000000fb180000,0x00000000fd280000)
 ParOldGen       total 159744K, used 142873K [0x00000000a0000000, 0x00000000a9c00000, 0x00000000e0000000)
  object space 159744K, 89% used [0x00000000a0000000,0x00000000a8b86720,0x00000000a9c00000)
 Metaspace       used 107857K, capacity 113080K, committed 113384K, reserved 1146880K
  class space    used 13985K, capacity 14934K, committed 15120K, reserved 1048576K
}
Event: 6604.385 GC heap before
{Heap before GC invocations=57 (full 5):
 PSYoungGen      total 475648K, used 4128K [0x00000000e0000000, 0x00000000ff380000, 0x0000000100000000)
  eden space 443904K, 0% used [0x00000000e0000000,0x00000000e0000000,0x00000000fb180000)
  from space 31744K, 13% used [0x00000000fd480000,0x00000000fd888000,0x00000000ff380000)
  to   space 33792K, 0% used [0x00000000fb180000,0x00000000fb180000,0x00000000fd280000)
 ParOldGen       total 159744K, used 142873K [0x00000000a0000000, 0x00000000a9c00000, 0x00000000e0000000)
  object space 159744K, 89% used [0x00000000a0000000,0x00000000a8b86720,0x00000000a9c00000)
 Metaspace       used 107857K, capacity 113080K, committed 113384K, reserved 1146880K
  class space    used 13985K, capacity 14934K, committed 15120K, reserved 1048576K
Event: 6604.812 GC heap after
Heap after GC invocations=57 (full 5):
 PSYoungGen      total 475648K, used 0K [0x00000000e0000000, 0x00000000ff380000, 0x0000000100000000)
  eden space 443904K, 0% used [0x00000000e0000000,0x00000000e0000000,0x00000000fb180000)
  from space 31744K, 0% used [0x00000000fd480000,0x00000000fd480000,0x00000000ff380000)
  to   space 33792K, 0% used [0x00000000fb180000,0x00000000fb180000,0x00000000fd280000)
 ParOldGen       total 209920K, used 100589K [0x00000000a0000000, 0x00000000acd00000, 0x00000000e0000000)
  object space 209920K, 47% used [0x00000000a0000000,0x00000000a623b698,0x00000000acd00000)
 Metaspace       used 107831K, capacity 113022K, committed 113384K, reserved 1146880K
  class space    used 13975K, capacity 14917K, committed 15120K, reserved 1048576K
}
Event: 6607.586 GC heap before
{Heap before GC invocations=58 (full 5):
 PSYoungGen      total 475648K, used 443904K [0x00000000e0000000, 0x00000000ff380000, 0x0000000100000000)
  eden space 443904K, 100% used [0x00000000e0000000,0x00000000fb180000,0x00000000fb180000)
  from space 31744K, 0% used [0x00000000fd480000,0x00000000fd480000,0x00000000ff380000)
  to   space 33792K, 0% used [0x00000000fb180000,0x00000000fb180000,0x00000000fd280000)
 ParOldGen       total 209920K, used 100589K [0x00000000a0000000, 0x00000000acd00000, 0x00000000e0000000)
  object space 209920K, 47% used [0x00000000a0000000,0x00000000a623b698,0x00000000acd00000)
 Metaspace       used 108032K, capacity 113264K, committed 113640K, reserved 1148928K
  class space    used 14010K, capacity 14990K, committed 15120K, reserved 1048576K
Event: 6607.618 GC heap after
Heap after GC invocations=58 (full 5):
 PSYoungGen      total 477696K, used 6080K [0x00000000e0000000, 0x00000000fff00000, 0x0000000100000000)
  eden space 443904K, 0% used [0x00000000e0000000,0x00000000e0000000,0x00000000fb180000)
  from space 33792K, 17% used [0x00000000fb180000,0x00000000fb770050,0x00000000fd280000)
  to   space 32256K, 0% used [0x00000000fdf80000,0x00000000fdf80000,0x00000000fff00000)
 ParOldGen       total 209920K, used 100597K [0x00000000a0000000, 0x00000000acd00000, 0x00000000e0000000)
  object space 209920K, 47% used [0x00000000a0000000,0x00000000a623d698,0x00000000acd00000)
 Metaspace       used 108032K, capacity 113264K, committed 113640K, reserved 1148928K
  class space    used 14010K, capacity 14990K, committed 15120K, reserved 1048576K
}
Event: 6610.766 GC heap before
{Heap before GC invocations=59 (full 5):
 PSYoungGen      total 477696K, used 449984K [0x00000000e0000000, 0x00000000fff00000, 0x0000000100000000)
  eden space 443904K, 100% used [0x00000000e0000000,0x00000000fb180000,0x00000000fb180000)
  from space 33792K, 17% used [0x00000000fb180000,0x00000000fb770050,0x00000000fd280000)
  to   space 32256K, 0% used [0x00000000fdf80000,0x00000000fdf80000,0x00000000fff00000)
 ParOldGen       total 209920K, used 100597K [0x00000000a0000000, 0x00000000acd00000, 0x00000000e0000000)
  object space 209920K, 47% used [0x00000000a0000000,0x00000000a623d698,0x00000000acd00000)
 Metaspace       used 108320K, capacity 113616K, committed 113896K, reserved 1148928K
  class space    used 14043K, capacity 15008K, committed 15120K, reserved 1048576K
Event: 6610.804 GC heap after
Heap after GC invocations=59 (full 5):
 PSYoungGen      total 485888K, used 8098K [0x00000000e0000000, 0x00000000ffa80000, 0x0000000100000000)
  eden space 458240K, 0% used [0x00000000e0000000,0x00000000e0000000,0x00000000fbf80000)
  from space 27648K, 29% used [0x00000000fdf80000,0x00000000fe768890,0x00000000ffa80000)
  to   space 30208K, 0% used [0x00000000fbf80000,0x00000000fbf80000,0x00000000fdd00000)
 ParOldGen       total 209920K, used 104911K [0x00000000a0000000, 0x00000000acd00000, 0x00000000e0000000)
  object space 209920K, 49% used [0x00000000a0000000,0x00000000a6673d88,0x00000000acd00000)
 Metaspace       used 108320K, capacity 113616K, committed 113896K, reserved 1148928K
  class space    used 14043K, capacity 15008K, committed 15120K, reserved 1048576K
}

